<?xml version="1.0" encoding="UTF-8"?>
<!-- Generated by org.testng.reporters.JUnitXMLReporter -->
<testsuite ignored="3" hostname="LAPTOP-Q98OKOC0" failures="0" tests="0" time="0.013" errors="0" timestamp="2023-09-06T19:08:38 IST">
  <testcase classname="Appium_Executuion.Learning1" name="Swipe" time="0.0">
    <ignored/>
  </testcase> <!-- Swipe -->
  <testcase classname="Appium_Executuion.Learning1" name="LongPress" time="0.0">
    <ignored/>
  </testcase> <!-- LongPress -->
  <testcase classname="Appium_Executuion.Learning1" name="ScrollDown" time="0.0">
    <ignored/>
  </testcase> <!-- ScrollDown -->
</testsuite>
