<?xml version="1.0" encoding="UTF-8"?>
<!-- Generated by org.testng.reporters.JUnitXMLReporter -->
<testsuite ignored="0" hostname="LAPTOP-Q98OKOC0" failures="1" tests="1" name="Test" time="31.192" errors="0" timestamp="2025-04-27T15:39:11 IST">
  <testcase classname="Appium_Executuion.TC002_Execution" name="Execution" time="10.32">
    <failure type="java.lang.IndexOutOfBoundsException" message="Index 12 out of bounds for length 10">
      <![CDATA[java.lang.IndexOutOfBoundsException: Index 12 out of bounds for length 10
at java.base/jdk.internal.util.Preconditions.outOfBounds(Preconditions.java:100)
at java.base/jdk.internal.util.Preconditions.outOfBoundsCheckIndex(Preconditions.java:106)
at java.base/jdk.internal.util.Preconditions.checkIndex(Preconditions.java:302)
at java.base/java.util.Objects.checkIndex(Objects.java:385)
at java.base/java.util.ArrayList.get(ArrayList.java:427)
at DemoApp.Learning1.LongPress(Learning1.java:40)
at Appium_Executuion.TC002_Execution.Execution(TC002_Execution.java:41)
at java.base/java.util.ArrayList.forEach(ArrayList.java:1511)
... Removed 25 stack frames]]>
    </failure>
  </testcase> <!-- Execution -->
</testsuite> <!-- Test -->
