<?xml version="1.0" encoding="UTF-8"?>
<testng-results ignored="0" total="1" passed="1" failed="0" skipped="0">
  <reporter-output>
  </reporter-output>
  <suite started-at="2023-09-10T08:35:53 IST" name="Suite" finished-at="2023-09-10T08:36:44 IST" duration-ms="50655">
    <groups>
    </groups>
    <test started-at="2023-09-10T08:35:53 IST" name="Test" finished-at="2023-09-10T08:36:44 IST" duration-ms="50655">
      <class name="Appium_Executuion.Shopp_AppExecution">
        <test-method signature="Shop_Start(int)[pri:0, instance:Appium_Executuion.Shopp_AppExecution@4e61e4c2]" started-at="2023-09-10T08:35:54 IST" name="Shop_Start" data-provider="provideLogInData" finished-at="2023-09-10T08:36:43 IST" duration-ms="48239" status="PASS">
          <params>
            <param index="0">
              <value>
                <![CDATA[1]]>
              </value>
            </param>
          </params>
          <reporter-output>
          </reporter-output>
        </test-method> <!-- Shop_Start -->
        <test-method is-config="true" signature="End()[pri:0, instance:Appium_Executuion.Shopp_AppExecution@4e61e4c2]" started-at="2023-09-10T08:36:43 IST" name="End" finished-at="2023-09-10T08:36:44 IST" duration-ms="818" status="PASS">
          <reporter-output>
          </reporter-output>
        </test-method> <!-- End -->
      </class> <!-- Appium_Executuion.Shopp_AppExecution -->
    </test> <!-- Test -->
  </suite> <!-- Suite -->
</testng-results>
